<?xml version="1.0" encoding="UTF-8"?>
<!-- Generated by org.testng.reporters.JUnitXMLReporter -->
<testsuite ignored="3" hostname="DESKTOP-DIJCUJP" failures="0" tests="5" name="RegressionTests" time="0.077" errors="0" timestamp="2025-09-21T15:40:02 IST">
  <testcase classname="types_of_execution.Demo4" name="case1" time="0.012"/>
  <testcase classname="types_of_execution.Demo4" name="case2" time="0.002"/>
  <testcase classname="types_of_execution.Demo4" name="case4" time="0.002"/>
  <testcase classname="types_of_execution.Demo5" name="case6" time="0.001"/>
  <testcase classname="types_of_execution.Demo5" name="case8" time="0.003"/>
  <testcase classname="types_of_execution.Demo4" name="case3" time="0.0">
    <ignored/>
  </testcase> <!-- case3 -->
  <testcase classname="types_of_execution.Demo5" name="case5" time="0.0">
    <ignored/>
  </testcase> <!-- case5 -->
  <testcase classname="types_of_execution.Demo5" name="case7" time="0.0">
    <ignored/>
  </testcase> <!-- case7 -->
</testsuite> <!-- RegressionTests -->
