<?xml version="1.0" encoding="UTF-8"?>
<!-- Generated by org.testng.reporters.JUnitXMLReporter -->
<testsuite ignored="6" hostname="DESKTOP-DIJCUJP" failures="0" tests="2" name="SmokeTests" time="0.082" errors="0" timestamp="2025-09-21T15:39:33 IST">
  <testcase classname="types_of_execution.Demo4" name="case3" time="0.011"/>
  <testcase classname="types_of_execution.Demo5" name="case5" time="0.002"/>
  <testcase classname="types_of_execution.Demo5" name="case7" time="0.0">
    <ignored/>
  </testcase> <!-- case7 -->
  <testcase classname="types_of_execution.Demo5" name="case6" time="0.0">
    <ignored/>
  </testcase> <!-- case6 -->
  <testcase classname="types_of_execution.Demo5" name="case8" time="0.0">
    <ignored/>
  </testcase> <!-- case8 -->
  <testcase classname="types_of_execution.Demo4" name="case1" time="0.0">
    <ignored/>
  </testcase> <!-- case1 -->
  <testcase classname="types_of_execution.Demo4" name="case4" time="0.0">
    <ignored/>
  </testcase> <!-- case4 -->
  <testcase classname="types_of_execution.Demo4" name="case2" time="0.0">
    <ignored/>
  </testcase> <!-- case2 -->
</testsuite> <!-- SmokeTests -->
