<?xml version="1.0" encoding="UTF-8"?>
<!-- Generated by org.testng.reporters.JUnitXMLReporter -->
<testsuite ignored="0" hostname="DESKTOP-DIJCUJP" failures="0" tests="4" name="Test" time="16.029" errors="0" timestamp="2025-09-21T15:27:25 IST">
  <testcase classname="types_of_execution.Demo1" name="case1" time="5.108"/>
  <testcase classname="types_of_execution.Demo2" name="case3" time="3.887"/>
  <testcase classname="types_of_execution.Demo3" name="case2" time="4.153"/>
  <testcase classname="types_of_execution.Demo6" name="case1" time="2.81"/>
</testsuite> <!-- Test -->
