<?xml version="1.0" encoding="UTF-8"?>
<!-- Generated by org.testng.reporters.JUnitXMLReporter -->
<testsuite ignored="0" hostname="DESKTOP-DIJCUJP" failures="0" tests="3" name="Test" time="8.888" errors="0" timestamp="2025-11-04T00:13:20 IST">
  <testcase classname="types_of_execution.Demo11" name="case1" time="2.811"/>
  <testcase classname="types_of_execution.Demo12" name="case3" time="1.914"/>
  <testcase classname="types_of_execution.Demo13" name="case2" time="4.117"/>
</testsuite> <!-- Test -->
