<?xml version="1.0" encoding="UTF-8"?>
<!-- Generated by org.testng.reporters.JUnitXMLReporter -->
<testsuite ignored="0" hostname="DESKTOP-DIJCUJP" failures="0" tests="3" name="Test" time="33.538" errors="0" timestamp="2025-09-22T16:48:49 IST">
  <testcase classname="types_of_execution.Demo1" name="case1" time="13.265"/>
  <testcase classname="types_of_execution.Demo2" name="case3" time="11.094"/>
  <testcase classname="types_of_execution.Demo3" name="case2" time="9.118"/>
</testsuite> <!-- Test -->
