<?xml version="1.0" encoding="UTF-8"?>
<testng-results ignored="0" total="1" passed="1" failed="0" skipped="0">
  <reporter-output>
  </reporter-output>
  <suite started-at="2025-11-13T23:39:55 IST" name="Default suite" finished-at="2025-11-13T23:39:58 IST" duration-ms="3045">
    <groups>
    </groups>
    <test started-at="2025-11-13T23:39:55 IST" name="Default test" finished-at="2025-11-13T23:39:58 IST" duration-ms="3045">
      <class name="broken_links.Links">
        <test-method signature="checkBrokenLinks()[pri:0, instance:broken_links.Links@6dc17b83]" started-at="2025-11-13T23:39:55 IST" name="checkBrokenLinks" finished-at="2025-11-13T23:39:58 IST" duration-ms="2984" status="PASS">
          <reporter-output>
          </reporter-output>
        </test-method> <!-- checkBrokenLinks -->
      </class> <!-- broken_links.Links -->
    </test> <!-- Default test -->
  </suite> <!-- Default suite -->
</testng-results>
