<?xml version="1.0" encoding="UTF-8"?>
<!-- Generated by org.testng.reporters.JUnitReportReporter -->
<testsuite hostname="DESKTOP-DIJCUJP" failures="0" tests="4" name="types_of_execution.Demo15" time="0.010" errors="0" timestamp="2025-11-04T00:10:57 IST" skipped="0">
  <testcase classname="types_of_execution.Demo15" name="case2" time="0.002"/>
  <testcase classname="types_of_execution.Demo15" name="case1" time="0.003"/>
  <testcase classname="types_of_execution.Demo15" name="case3" time="0.002"/>
  <testcase classname="types_of_execution.Demo15" name="case4" time="0.003"/>
</testsuite> <!-- types_of_execution.Demo15 -->
